#
# A fatal error has been detected by the Java Runtime Environment:
#
#  EXCEPTION_PRIV_INSTRUCTION (0xc0000096) at pc=0x00000000030f59ad, pid=3404, tid=0x0000000000001fd8
#
# JRE version: Java(TM) SE Runtime Environment (8.0_221-b11) (build 1.8.0_221-b11)
# Java VM: Java HotSpot(TM) 64-Bit Server VM (25.221-b11 mixed mode windows-amd64 compressed oops)
# Problematic frame:
# j  org.gradle.internal.service.scopes.BuildSessionScopeServices.(Lorg/gradle/internal/event/ListenerManager;)Lorg/gradle/internal/filewatch/PendingChangesManager;+0
#
# Failed to write core dump. Minidumps are not enabled by default on client versions of Windows
#
# If you would like to submit a bug report, please visit:
#   http://bugreport.java.com/bugreport/crash.jsp
#

---------------  T H R E A D  ---------------

Current thread (0x000000001ab8c000):  JavaThread "Daemon worker Thread 2" [_thread_in_Java, id=8152, stack(0x0000000025030000,0x0000000025130000)]

siginfo: ExceptionCode=0xc0000096

Registers:
RAX=0x0000000000000000, RBX=0x00000000000000d9, RCX=0x0000000000000000, RDX=0x0000000000000000
RSP=0x000000002512cec0, RBP=0x000000002512cf88, RSI=0x0000000020038148, RDI=0x00000000ffffffff
R8 =0x0000000000000061, R9 =0x0000000002fc1870, R10=0x0000000000000061, R11=0x000000002512c690
R12=0x0000000000000000, R13=0x00000000199a9afb, R14=0x000000002512cfa0, R15=0x000000001ab8c000
RIP=0x00000000030f59ad, EFLAGS=0x0000000000010206

Top of Stack: (sp=0x000000002512cec0)
0x000000002512cec0:   00000000f924f968 000000001ab8c000
0x000000002512ced0:   00000000000000d9 0000000020038148
0x000000002512cee0:   0000000000000000 0000000000000002
0x000000002512cef0:   00000000701306f0 0000000000000002
0x000000002512cf00:   000000002512d388 00000000ffffffff
0x000000002512cf10:   0000000020038148 000000002512cf88
0x000000002512cf20:   000000002512cf48 00000000000000d9
0x000000002512cf30:   0000000000000000 0000000000000000
0x000000002512cf40:   00000000f924fa98 000000002512cf48
0x000000002512cf50:   00000000199a9af8 000000002512cfa0
0x000000002512cf60:   00000000199abf18 0000000000000000
0x000000002512cf70:   00000000199a9b20 0000000000000000
0x000000002512cf80:   000000002512cf98 000000002512d080
0x000000002512cf90:   00000000030f08da 00000000f91e67c8
0x000000002512cfa0:   00000000f91e16b0 0000000000000000
0x000000002512cfb0:   0000000000000000 0000000000000000 

Instructions: (pc=0x00000000030f59ad)
0x00000000030f598d:   48 b9 c0 df f1 6f 00 00 00 00 48 ba 37 59 0f 03
0x00000000030f599d:   00 00 00 00 4c 8b c4 48 83 e4 f0 e8 63 13 b2 6c
0x00000000030f59ad:   f4 66 90 00 00 00 00 00 00 00 00 00 00 00 00 00
0x00000000030f59bd:   00 00 00 80 20 00 00 00 00 00 00 a8 df f1 6f 00 


Register to memory mapping:

RAX=0x0000000000000000 is an unknown value
RBX=0x00000000000000d9 is an unknown value
RCX=0x0000000000000000 is an unknown value
RDX=0x0000000000000000 is an unknown value
RSP=0x000000002512cec0 is pointing into the stack for thread: 0x000000001ab8c000
RBP=0x000000002512cf88 is pointing into the stack for thread: 0x000000001ab8c000
RSI=0x0000000020038148 is an unknown value
RDI=0x00000000ffffffff is an unallocated location in the heap
R8 =0x0000000000000061 is an unknown value
R9 =0x0000000002fc1870 is an unknown value
R10=0x0000000000000061 is an unknown value
R11=0x000000002512c690 is pointing into the stack for thread: 0x000000001ab8c000
R12=0x0000000000000000 is an unknown value
R13=0x00000000199a9afb is pointing into metadata
R14=0x000000002512cfa0 is pointing into the stack for thread: 0x000000001ab8c000
R15=0x000000001ab8c000 is a thread


Stack: [0x0000000025030000,0x0000000025130000],  sp=0x000000002512cec0,  free space=1011k
Native frames: (J=compiled Java code, j=interpreted, Vv=VM code, C=native code)
C  0x00000000030f59ad


---------------  P R O C E S S  ---------------

Java Threads: ( => current thread )
  0x000000001ab90000 JavaThread "Cache worker for file hash cache (E:\mobail_application\abacus\abacus\android\.gradle\6.0.1\fileHashes)" [_thread_blocked, id=5304, stack(0x0000000025430000,0x0000000025530000)]
  0x000000001ab86000 JavaThread "Thread-36" [_thread_blocked, id=1900, stack(0x0000000025330000,0x0000000025430000)]
  0x000000001ab87800 JavaThread "Stdin handler" [_thread_blocked, id=9180, stack(0x0000000025230000,0x0000000025330000)]
  0x000000001ab8d000 JavaThread "Asynchronous log dispatcher for DefaultDaemonConnection: socket connection from /127.0.0.1:50762 to /127.0.0.1:51528" [_thread_blocked, id=1052, stack(0x0000000025130000,0x0000000025230000)]
=>0x000000001ab8c000 JavaThread "Daemon worker Thread 2" [_thread_in_Java, id=8152, stack(0x0000000025030000,0x0000000025130000)]
  0x000000001ab85800 JavaThread "Cancel handler" [_thread_blocked, id=6524, stack(0x0000000024f30000,0x0000000025030000)]
  0x000000001ab8b800 JavaThread "Handler for socket connection from /127.0.0.1:50762 to /127.0.0.1:51528" [_thread_in_native, id=8276, stack(0x0000000024e30000,0x0000000024f30000)]
  0x000000001ab8a800 JavaThread "Daemon Thread 2" [_thread_blocked, id=3604, stack(0x0000000024d30000,0x0000000024e30000)]
  0x000000001ab90800 JavaThread "AWT-Windows" daemon [_thread_in_native, id=5188, stack(0x0000000024530000,0x0000000024630000)]
  0x000000001ab93000 JavaThread "Java2D Disposer" daemon [_thread_blocked, id=4120, stack(0x0000000024330000,0x0000000024430000)]
  0x000000001ab8e800 JavaThread "Device List Monitor" [_thread_in_native, id=6584, stack(0x0000000024130000,0x0000000024230000)]
  0x000000001ab91800 JavaThread "Monitor" [_thread_in_native, id=3668, stack(0x0000000023d30000,0x0000000023e30000)]
  0x000000001ab87000 JavaThread "Cache worker for file content cache (C:\Users\user\.gradle\caches\6.0.1\fileContent)" [_thread_blocked, id=4444, stack(0x0000000022ee0000,0x0000000022fe0000)]
  0x000000001ab89000 JavaThread "Memory manager" [_thread_blocked, id=8864, stack(0x0000000020de0000,0x0000000020ee0000)]
  0x0000000017fb8800 JavaThread "Cache worker for execution history cache (C:\Users\user\.gradle\caches\6.0.1\executionHistory)" [_thread_blocked, id=5708, stack(0x000000001e510000,0x000000001e610000)]
  0x0000000017fb5000 JavaThread "Cache worker for journal cache (C:\Users\user\.gradle\caches\journal-1)" [_thread_blocked, id=240, stack(0x000000001a040000,0x000000001a140000)]
  0x0000000017fb4000 JavaThread "File lock request listener" [_thread_in_native, id=3456, stack(0x0000000019f40000,0x000000001a040000)]
  0x0000000017fba000 JavaThread "Cache worker for file hash cache (C:\Users\user\.gradle\caches\6.0.1\fileHashes)" [_thread_blocked, id=7344, stack(0x0000000019e40000,0x0000000019f40000)]
  0x0000000017e1b800 JavaThread "Daemon periodic checks" [_thread_blocked, id=220, stack(0x0000000019440000,0x0000000019540000)]
  0x0000000017e06800 JavaThread "Incoming local TCP Connector on port 50762" [_thread_in_native, id=5032, stack(0x0000000019260000,0x0000000019360000)]
  0x0000000017d23800 JavaThread "Daemon health stats" [_thread_blocked, id=2208, stack(0x0000000018c20000,0x0000000018d20000)]
  0x0000000015ee8000 JavaThread "Service Thread" daemon [_thread_blocked, id=8348, stack(0x0000000016280000,0x0000000016380000)]
  0x000000001456c000 JavaThread "C1 CompilerThread2" daemon [_thread_blocked, id=6844, stack(0x0000000015d80000,0x0000000015e80000)]
  0x000000001451c000 JavaThread "C2 CompilerThread1" daemon [_thread_blocked, id=7704, stack(0x0000000015c80000,0x0000000015d80000)]
  0x0000000014518800 JavaThread "C2 CompilerThread0" daemon [_thread_blocked, id=3792, stack(0x0000000015b80000,0x0000000015c80000)]
  0x0000000014516800 JavaThread "Attach Listener" daemon [_thread_blocked, id=8388, stack(0x0000000015a80000,0x0000000015b80000)]
  0x0000000014565800 JavaThread "Signal Dispatcher" daemon [_thread_blocked, id=444, stack(0x0000000015980000,0x0000000015a80000)]
  0x00000000144f9800 JavaThread "Finalizer" daemon [_thread_blocked, id=2836, stack(0x0000000015780000,0x0000000015880000)]
  0x00000000030e1800 JavaThread "Reference Handler" daemon [_thread_blocked, id=5904, stack(0x0000000015680000,0x0000000015780000)]
  0x0000000002ff2800 JavaThread "main" [_thread_blocked, id=6532, stack(0x0000000002e70000,0x0000000002f70000)]

Other Threads:
  0x00000000144d7800 VMThread [stack: 0x0000000015580000,0x0000000015680000] [id=4804]
  0x0000000015f1c000 WatcherThread [stack: 0x0000000016380000,0x0000000016480000] [id=4556]

VM state:not at safepoint (normal execution)

VM Mutex/Monitor currently owned by a thread: None

heap address: 0x00000000e0000000, size: 512 MB, Compressed Oops mode: 32-bit
Narrow klass base: 0x0000000000000000, Narrow klass shift: 3
Compressed class space size: 1073741824 Address: 0x0000000100000000

Heap:
 PSYoungGen      total 132608K, used 68020K [0x00000000f5580000, 0x00000000fff00000, 0x0000000100000000)
  eden space 93696K, 66% used [0x00000000f5580000,0x00000000f926e5d0,0x00000000fb100000)
  from space 38912K, 14% used [0x00000000fd900000,0x00000000fde7ed10,0x00000000fff00000)
  to   space 39936K, 0% used [0x00000000fb100000,0x00000000fb100000,0x00000000fd800000)
 ParOldGen       total 227840K, used 99133K [0x00000000e0000000, 0x00000000ede80000, 0x00000000f5580000)
  object space 227840K, 43% used [0x00000000e0000000,0x00000000e60cf550,0x00000000ede80000)
 Metaspace       used 77119K, capacity 81516K, committed 81664K, reserved 1120256K
  class space    used 10440K, capacity 11425K, committed 11520K, reserved 1048576K

Card table byte_map: [0x00000000124b0000,0x00000000125c0000] byte_map_base: 0x0000000011db0000

Marking Bits: (ParMarkBitMap*) 0x0000000070145ce0
 Begin Bits: [0x0000000012a70000, 0x0000000013270000)
 End Bits:   [0x0000000013270000, 0x0000000013a70000)

Polling page: 0x0000000002f70000

CodeCache: size=245760Kb used=34997Kb max_used=35027Kb free=210762Kb
 bounds [0x00000000030f0000, 0x0000000005350000, 0x00000000120f0000]
 total_blobs=11614 nmethods=10718 adapters=807
 compilation: enabled

Compilation events (10 events):
Event: 2694.848 Thread 0x000000001456c000 12793       3       java.lang.ProcessEnvironment$CheckedEntry::getValue (13 bytes)
Event: 2694.848 Thread 0x000000001456c000 nmethod 12793 0x0000000005348810 code [0x0000000005348980, 0x0000000005348c88]
Event: 2694.849 Thread 0x000000001456c000 12794       3       java.util.HashMap$KeySet::contains (9 bytes)
Event: 2694.850 Thread 0x000000001456c000 nmethod 12794 0x0000000005348350 code [0x00000000053484c0, 0x00000000053486e8]
Event: 2694.851 Thread 0x000000001456c000 12795       3       java.lang.ProcessEnvironment::put (13 bytes)
Event: 2694.852 Thread 0x000000001456c000 nmethod 12795 0x000000000534a090 code [0x000000000534a260, 0x000000000534aa18]
Event: 2694.855 Thread 0x000000001456c000 12796       3       com.google.common.cache.LocalCache$Segment::initTable (51 bytes)
Event: 2694.856 Thread 0x000000001456c000 nmethod 12796 0x0000000005349990 code [0x0000000005349b00, 0x0000000005349ef0]
Event: 2694.869 Thread 0x000000001456c000 12797       1       org.gradle.internal.event.DefaultListenerManager::access$100 (5 bytes)
Event: 2694.869 Thread 0x000000001456c000 nmethod 12797 0x00000000034f0710 code [0x00000000034f0860, 0x00000000034f0950]

GC Heap History (10 events):
Event: 30.170 GC heap before
{Heap before GC invocations=15 (full 3):
 PSYoungGen      total 150016K, used 141026K [0x00000000f5580000, 0x0000000100000000, 0x0000000100000000)
  eden space 125440K, 100% used [0x00000000f5580000,0x00000000fd000000,0x00000000fd000000)
  from space 24576K, 63% used [0x00000000fd000000,0x00000000fdf38bc0,0x00000000fe800000)
  to   space 24576K, 0% used [0x00000000fe800000,0x00000000fe800000,0x0000000100000000)
 ParOldGen       total 227840K, used 35823K [0x00000000e0000000, 0x00000000ede80000, 0x00000000f5580000)
  object space 227840K, 15% used [0x00000000e0000000,0x00000000e22fbe88,0x00000000ede80000)
 Metaspace       used 67706K, capacity 71120K, committed 71296K, reserved 1110016K
  class space    used 9435K, capacity 10293K, committed 10368K, reserved 1048576K
Event: 30.219 GC heap after
Heap after GC invocations=15 (full 3):
 PSYoungGen      total 140800K, used 24574K [0x00000000f5580000, 0x0000000100000000, 0x0000000100000000)
  eden space 116224K, 0% used [0x00000000f5580000,0x00000000f5580000,0x00000000fc700000)
  from space 24576K, 99% used [0x00000000fe800000,0x00000000fffff958,0x0000000100000000)
  to   space 29184K, 0% used [0x00000000fc700000,0x00000000fc700000,0x00000000fe380000)
 ParOldGen       total 227840K, used 40692K [0x00000000e0000000, 0x00000000ede80000, 0x00000000f5580000)
  object space 227840K, 17% used [0x00000000e0000000,0x00000000e27bd078,0x00000000ede80000)
 Metaspace       used 67706K, capacity 71120K, committed 71296K, reserved 1110016K
  class space    used 9435K, capacity 10293K, committed 10368K, reserved 1048576K
}
Event: 33.322 GC heap before
{Heap before GC invocations=16 (full 3):
 PSYoungGen      total 140800K, used 140798K [0x00000000f5580000, 0x0000000100000000, 0x0000000100000000)
  eden space 116224K, 100% used [0x00000000f5580000,0x00000000fc700000,0x00000000fc700000)
  from space 24576K, 99% used [0x00000000fe800000,0x00000000fffff958,0x0000000100000000)
  to   space 29184K, 0% used [0x00000000fc700000,0x00000000fc700000,0x00000000fe380000)
 ParOldGen       total 227840K, used 40692K [0x00000000e0000000, 0x00000000ede80000, 0x00000000f5580000)
  object space 227840K, 17% used [0x00000000e0000000,0x00000000e27bd078,0x00000000ede80000)
 Metaspace       used 69609K, capacity 73358K, committed 73600K, reserved 1112064K
  class space    used 9699K, capacity 10608K, committed 10624K, reserved 1048576K
Event: 33.384 GC heap after
Heap after GC invocations=16 (full 3):
 PSYoungGen      total 145408K, used 29169K [0x00000000f5580000, 0x0000000100000000, 0x0000000100000000)
  eden space 116224K, 0% used [0x00000000f5580000,0x00000000f5580000,0x00000000fc700000)
  from space 29184K, 99% used [0x00000000fc700000,0x00000000fe37c6c0,0x00000000fe380000)
  to   space 29184K, 0% used [0x00000000fe380000,0x00000000fe380000,0x0000000100000000)
 ParOldGen       total 227840K, used 57022K [0x00000000e0000000, 0x00000000ede80000, 0x00000000f5580000)
  object space 227840K, 25% used [0x00000000e0000000,0x00000000e37afae0,0x00000000ede80000)
 Metaspace       used 69609K, capacity 73358K, committed 73600K, reserved 1112064K
  class space    used 9699K, capacity 10608K, committed 10624K, reserved 1048576K
}
Event: 36.388 GC heap before
{Heap before GC invocations=17 (full 3):
 PSYoungGen      total 145408K, used 145393K [0x00000000f5580000, 0x0000000100000000, 0x0000000100000000)
  eden space 116224K, 100% used [0x00000000f5580000,0x00000000fc700000,0x00000000fc700000)
  from space 29184K, 99% used [0x00000000fc700000,0x00000000fe37c6c0,0x00000000fe380000)
  to   space 29184K, 0% used [0x00000000fe380000,0x00000000fe380000,0x0000000100000000)
 ParOldGen       total 227840K, used 57022K [0x00000000e0000000, 0x00000000ede80000, 0x00000000f5580000)
  object space 227840K, 25% used [0x00000000e0000000,0x00000000e37afae0,0x00000000ede80000)
 Metaspace       used 71106K, capacity 75046K, committed 75136K, reserved 1114112K
  class space    used 9893K, capacity 10840K, committed 10880K, reserved 1048576K
Event: 36.438 GC heap after
Heap after GC invocations=17 (full 3):
 PSYoungGen      total 121856K, used 29051K [0x00000000f5580000, 0x0000000100000000, 0x0000000100000000)
  eden space 92672K, 0% used [0x00000000f5580000,0x00000000f5580000,0x00000000fb000000)
  from space 29184K, 99% used [0x00000000fe380000,0x00000000fffdeda8,0x0000000100000000)
  to   space 40960K, 0% used [0x00000000fb000000,0x00000000fb000000,0x00000000fd800000)
 ParOldGen       total 227840K, used 64914K [0x00000000e0000000, 0x00000000ede80000, 0x00000000f5580000)
  object space 227840K, 28% used [0x00000000e0000000,0x00000000e3f64948,0x00000000ede80000)
 Metaspace       used 71106K, capacity 75046K, committed 75136K, reserved 1114112K
  class space    used 9893K, capacity 10840K, committed 10880K, reserved 1048576K
}
Event: 38.193 GC heap before
{Heap before GC invocations=18 (full 3):
 PSYoungGen      total 121856K, used 121723K [0x00000000f5580000, 0x0000000100000000, 0x0000000100000000)
  eden space 92672K, 100% used [0x00000000f5580000,0x00000000fb000000,0x00000000fb000000)
  from space 29184K, 99% used [0x00000000fe380000,0x00000000fffdeda8,0x0000000100000000)
  to   space 40960K, 0% used [0x00000000fb000000,0x00000000fb000000,0x00000000fd800000)
 ParOldGen       total 227840K, used 64914K [0x00000000e0000000, 0x00000000ede80000, 0x00000000f5580000)
  object space 227840K, 28% used [0x00000000e0000000,0x00000000e3f64948,0x00000000ede80000)
 Metaspace       used 71623K, capacity 75958K, committed 76032K, reserved 1114112K
  class space    used 9947K, capacity 10942K, committed 11008K, reserved 1048576K
Event: 38.243 GC heap after
Heap after GC invocations=18 (full 3):
 PSYoungGen      total 133632K, used 14211K [0x00000000f5580000, 0x0000000100000000, 0x0000000100000000)
  eden space 92672K, 0% used [0x00000000f5580000,0x00000000f5580000,0x00000000fb000000)
  from space 40960K, 34% used [0x00000000fb000000,0x00000000fbde0d48,0x00000000fd800000)
  to   space 39936K, 0% used [0x00000000fd900000,0x00000000fd900000,0x0000000100000000)
 ParOldGen       total 227840K, used 85709K [0x00000000e0000000, 0x00000000ede80000, 0x00000000f5580000)
  object space 227840K, 37% used [0x00000000e0000000,0x00000000e53b37d0,0x00000000ede80000)
 Metaspace       used 71623K, capacity 75958K, committed 76032K, reserved 1114112K
  class space    used 9947K, capacity 10942K, committed 11008K, reserved 1048576K
}
Event: 39.672 GC heap before
{Heap before GC invocations=19 (full 3):
 PSYoungGen      total 133632K, used 106883K [0x00000000f5580000, 0x0000000100000000, 0x0000000100000000)
  eden space 92672K, 100% used [0x00000000f5580000,0x00000000fb000000,0x00000000fb000000)
  from space 40960K, 34% used [0x00000000fb000000,0x00000000fbde0d48,0x00000000fd800000)
  to   space 39936K, 0% used [0x00000000fd900000,0x00000000fd900000,0x0000000100000000)
 ParOldGen       total 227840K, used 85709K [0x00000000e0000000, 0x00000000ede80000, 0x00000000f5580000)
  object space 227840K, 37% used [0x00000000e0000000,0x00000000e53b37d0,0x00000000ede80000)
 Metaspace       used 71892K, capacity 76208K, committed 76288K, reserved 1114112K
  class space    used 9976K, capacity 10963K, committed 11008K, reserved 1048576K
Event: 39.711 GC heap after
Heap after GC invocations=19 (full 3):
 PSYoungGen      total 132608K, used 5627K [0x00000000f5580000, 0x00000000fff00000, 0x0000000100000000)
  eden space 93696K, 0% used [0x00000000f5580000,0x00000000f5580000,0x00000000fb100000)
  from space 38912K, 14% used [0x00000000fd900000,0x00000000fde7ed10,0x00000000fff00000)
  to   space 39936K, 0% used [0x00000000fb100000,0x00000000fb100000,0x00000000fd800000)
 ParOldGen       total 227840K, used 99133K [0x00000000e0000000, 0x00000000ede80000, 0x00000000f5580000)
  object space 227840K, 43% used [0x00000000e0000000,0x00000000e60cf550,0x00000000ede80000)
 Metaspace       used 71892K, capacity 76208K, committed 76288K, reserved 1114112K
  class space    used 9976K, capacity 10963K, committed 11008K, reserved 1048576K
}

Deoptimization events (10 events):
Event: 2694.838 Thread 0x000000001ab8b800 Uncommon trap: reason=unstable_if action=reinterpret pc=0x0000000005304a00 method=java.io.WinNTFileSystem.parentOrNull(Ljava/lang/String;)Ljava/lang/String; @ 76
Event: 2694.840 Thread 0x000000001ab8a800 Uncommon trap: reason=unstable_if action=reinterpret pc=0x0000000005255834 method=org.gradle.internal.logging.sink.LogEventDispatcher.onOutput(Lorg/gradle/internal/logging/events/OutputEvent;)V @ 35
Event: 2694.840 Thread 0x000000001ab8a800 Uncommon trap: reason=unstable_if action=reinterpret pc=0x0000000005240c7c method=org.gradle.internal.logging.sink.LogEventDispatcher.onOutput(Lorg/gradle/internal/logging/events/OutputEvent;)V @ 35
Event: 2694.840 Thread 0x000000001ab8a800 Uncommon trap: reason=unstable_if action=reinterpret pc=0x00000000042c2e34 method=org.gradle.internal.logging.console.StyledTextOutputBackedRenderer.onOutput(Lorg/gradle/internal/logging/events/OutputEvent;)V @ 80
Event: 2694.841 Thread 0x000000001ab8a800 Uncommon trap: reason=unstable_if action=reinterpret pc=0x000000000475df30 method=org.gradle.internal.logging.sink.OutputEventRenderer$3.onOutput(Lorg/gradle/internal/logging/events/OutputEvent;)V @ 37
Event: 2694.846 Thread 0x000000001ab8c000 Uncommon trap: reason=class_check action=maybe_recompile pc=0x00000000051a408c method=org.gradle.launcher.daemon.server.SynchronizedDispatchConnection.dispatch(Ljava/lang/Object;)V @ 1
Event: 2694.852 Thread 0x000000001ab8c000 Uncommon trap: reason=unstable_if action=reinterpret pc=0x0000000003a7ae10 method=org.gradle.workers.internal.WorkerDaemonClientsManager$LogLevelChangeEventListener.onOutput(Lorg/gradle/internal/logging/events/OutputEvent;)V @ 4
Event: 2694.855 Thread 0x000000001ab8c000 Uncommon trap: reason=unstable_if action=reinterpret pc=0x0000000004326d64 method=org.gradle.cache.internal.DefaultCrossBuildInMemoryCacheFactory$AbstractCrossBuildInMemoryCache.getIfPresent(Ljava/lang/Object;)Ljava/lang/Object; @ 24
Event: 2694.857 Thread 0x000000001ab8c000 Uncommon trap: reason=unstable_if action=reinterpret pc=0x000000000432ccc8 method=org.gradle.cache.internal.DefaultCrossBuildInMemoryCacheFactory$AbstractCrossBuildInMemoryCache.getIfPresent(Ljava/lang/Object;)Ljava/lang/Object; @ 24
Event: 2694.869 Thread 0x000000001ab8c000 Uncommon trap: reason=bimorphic action=maybe_recompile pc=0x0000000003509f50 method=org.gradle.internal.service.DefaultServiceRegistry.find(Ljava/lang/reflect/Type;)Ljava/lang/Object; @ 22

Classes redefined (0 events):
No events

Internal exceptions (10 events):
Event: 86.565 Thread 0x0000000017ed1000 Exception <a 'sun/nio/fs/WindowsException'> (0x00000000f6a8d108) thrown at [C:\re\workspace\8-2-build-windows-amd64-cygwin\jdk8u221\13320\hotspot\src\share\vm\prims\jni.cpp, line 710]
Event: 86.566 Thread 0x0000000017ed1000 Exception <a 'sun/nio/fs/WindowsException'> (0x00000000f6a8eb80) thrown at [C:\re\workspace\8-2-build-windows-amd64-cygwin\jdk8u221\13320\hotspot\src\share\vm\prims\jni.cpp, line 710]
Event: 86.567 Thread 0x0000000017ed1000 Exception <a 'sun/nio/fs/WindowsException'> (0x00000000f6a905d8) thrown at [C:\re\workspace\8-2-build-windows-amd64-cygwin\jdk8u221\13320\hotspot\src\share\vm\prims\jni.cpp, line 710]
Event: 86.568 Thread 0x0000000017ed1000 Exception <a 'sun/nio/fs/WindowsException'> (0x00000000f6a92068) thrown at [C:\re\workspace\8-2-build-windows-amd64-cygwin\jdk8u221\13320\hotspot\src\share\vm\prims\jni.cpp, line 710]
Event: 86.569 Thread 0x0000000017ed1000 Exception <a 'sun/nio/fs/WindowsException'> (0x00000000f6a93aa0) thrown at [C:\re\workspace\8-2-build-windows-amd64-cygwin\jdk8u221\13320\hotspot\src\share\vm\prims\jni.cpp, line 710]
Event: 86.570 Thread 0x0000000017ed1000 Exception <a 'sun/nio/fs/WindowsException'> (0x00000000f6a954d0) thrown at [C:\re\workspace\8-2-build-windows-amd64-cygwin\jdk8u221\13320\hotspot\src\share\vm\prims\jni.cpp, line 710]
Event: 86.577 Thread 0x0000000017ed1000 Implicit null exception at 0x0000000004532063 to 0x00000000045323b9
Event: 86.640 Thread 0x0000000017ed1000 Implicit null exception at 0x0000000004ecd18d to 0x0000000004ecd35d
Event: 86.640 Thread 0x0000000017ed1000 Implicit null exception at 0x00000000046962ac to 0x00000000046962f5
Event: 86.909 Thread 0x000000001ab8b800 Implicit null exception at 0x0000000003c9415c to 0x0000000003c950e9

Events (10 events):
Event: 2694.855 Thread 0x000000001ab8c000 DEOPT UNPACKING pc=0x000000000313583b sp=0x000000002512bd28 mode 2
Event: 2694.856 Thread 0x000000001456c000 flushing nmethod 0x0000000003906ed0
Event: 2694.856 Thread 0x000000001456c000 flushing nmethod 0x000000000390ecd0
Event: 2694.857 Thread 0x000000001ab90000 Thread added: 0x000000001ab90000
Event: 2694.857 Thread 0x000000001ab8c000 Uncommon trap: trap_request=0xffffff65 fr.pc=0x000000000432ccc8
Event: 2694.857 Thread 0x000000001ab8c000 DEOPT PACKING pc=0x000000000432ccc8 sp=0x000000002512bb00
Event: 2694.857 Thread 0x000000001ab8c000 DEOPT UNPACKING pc=0x000000000313583b sp=0x000000002512ba88 mode 2
Event: 2694.869 Thread 0x000000001ab8c000 Uncommon trap: trap_request=0xffffffc6 fr.pc=0x0000000003509f50
Event: 2694.869 Thread 0x000000001ab8c000 DEOPT PACKING pc=0x0000000003509f50 sp=0x000000002512d980
Event: 2694.869 Thread 0x000000001ab8c000 DEOPT UNPACKING pc=0x000000000313583b sp=0x000000002512d8f8 mode 2


Dynamic libraries:
0x00007ff798ff0000 - 0x00007ff799027000 	C:\Program Files\Java\jdk1.8.0_221\bin\java.exe
0x00007ff87e8a0000 - 0x00007ff87ea61000 	C:\Windows\SYSTEM32\ntdll.dll
0x00007ff87c060000 - 0x00007ff87c10d000 	C:\Windows\system32\KERNEL32.DLL
0x00007ff87b060000 - 0x00007ff87b248000 	C:\Windows\system32\KERNELBASE.dll
0x00007ff87c2e0000 - 0x00007ff87c387000 	C:\Windows\system32\ADVAPI32.dll
0x00007ff87bd90000 - 0x00007ff87be2d000 	C:\Windows\system32\msvcrt.dll
0x00007ff87c3d0000 - 0x00007ff87c42c000 	C:\Windows\system32\sechost.dll
0x00007ff87e060000 - 0x00007ff87e17d000 	C:\Windows\system32\RPCRT4.dll
0x00007ff87c180000 - 0x00007ff87c2d6000 	C:\Windows\system32\USER32.dll
0x00007ff87e180000 - 0x00007ff87e307000 	C:\Windows\system32\GDI32.dll
0x00007ff869640000 - 0x00007ff8698b4000 	C:\Windows\WinSxS\amd64_microsoft.windows.common-controls_6595b64144ccf1df_6.0.10586.839_none_a2ddba30a539a2ae\COMCTL32.dll
0x00007ff87e4d0000 - 0x00007ff87e74e000 	C:\Windows\system32\combase.dll
0x00007ff87bc30000 - 0x00007ff87bc9a000 	C:\Windows\system32\bcryptPrimitives.dll
0x00007ff87c390000 - 0x00007ff87c3cb000 	C:\Windows\system32\IMM32.DLL
0x0000000070b70000 - 0x0000000070c42000 	C:\Program Files\Java\jdk1.8.0_221\jre\bin\msvcr100.dll
0x000000006f920000 - 0x00000000701c5000 	C:\Program Files\Java\jdk1.8.0_221\jre\bin\server\jvm.dll
0x00007ff87bd20000 - 0x00007ff87bd28000 	C:\Windows\system32\PSAPI.DLL
0x00007ff871a30000 - 0x00007ff871a3a000 	C:\Windows\SYSTEM32\VERSION.dll
0x00007ff879200000 - 0x00007ff879223000 	C:\Windows\SYSTEM32\WINMM.dll
0x00007ff8672c0000 - 0x00007ff8672c9000 	C:\Windows\SYSTEM32\WSOCK32.dll
0x00007ff87c110000 - 0x00007ff87c17b000 	C:\Windows\system32\WS2_32.dll
0x00007ff8791a0000 - 0x00007ff8791cc000 	C:\Windows\SYSTEM32\WINMMBASE.dll
0x00007ff87af50000 - 0x00007ff87af93000 	C:\Windows\system32\cfgmgr32.dll
0x00007ff870430000 - 0x00007ff87043f000 	C:\Program Files\Java\jdk1.8.0_221\jre\bin\verify.dll
0x00007ff86c390000 - 0x00007ff86c3b9000 	C:\Program Files\Java\jdk1.8.0_221\jre\bin\java.dll
0x00007ff86fbf0000 - 0x00007ff86fc06000 	C:\Program Files\Java\jdk1.8.0_221\jre\bin\zip.dll
0x00007ff87c430000 - 0x00007ff87d98c000 	C:\Windows\system32\SHELL32.dll
0x00007ff87b480000 - 0x00007ff87bac5000 	C:\Windows\system32\windows.storage.dll
0x00007ff87bd30000 - 0x00007ff87bd82000 	C:\Windows\system32\shlwapi.dll
0x00007ff87aec0000 - 0x00007ff87aecf000 	C:\Windows\system32\kernel.appcore.dll
0x00007ff87afa0000 - 0x00007ff87b055000 	C:\Windows\system32\shcore.dll
0x00007ff87aee0000 - 0x00007ff87af2b000 	C:\Windows\system32\powrprof.dll
0x00007ff87af30000 - 0x00007ff87af44000 	C:\Windows\system32\profapi.dll
0x00007ff86d7d0000 - 0x00007ff86d7ea000 	C:\Program Files\Java\jdk1.8.0_221\jre\bin\net.dll
0x00007ff86dea0000 - 0x00007ff86e057000 	C:\Windows\SYSTEM32\urlmon.dll
0x00007ff86e3d0000 - 0x00007ff86e75a000 	C:\Windows\SYSTEM32\iertutil.dll
0x00007ff87a7f0000 - 0x00007ff87a84c000 	C:\Windows\system32\mswsock.dll
0x00007ff86e310000 - 0x00007ff86e322000 	C:\Program Files\Java\jdk1.8.0_221\jre\bin\nio.dll
0x00007ff86b350000 - 0x00007ff86b376000 	C:\Users\user\.gradle\native\30\windows-amd64\native-platform.dll
0x00007ff86e140000 - 0x00007ff86e14d000 	C:\Program Files\Java\jdk1.8.0_221\jre\bin\management.dll
0x00007ff87a8a0000 - 0x00007ff87a8b7000 	C:\Windows\SYSTEM32\CRYPTSP.dll
0x00007ff87a530000 - 0x00007ff87a564000 	C:\Windows\system32\rsaenh.dll
0x00007ff87aac0000 - 0x00007ff87aae9000 	C:\Windows\SYSTEM32\bcrypt.dll
0x00007ff87a680000 - 0x00007ff87a69f000 	C:\Windows\SYSTEM32\USERENV.dll
0x00007ff87a9c0000 - 0x00007ff87a9cb000 	C:\Windows\SYSTEM32\CRYPTBASE.dll
0x00007ff8763d0000 - 0x00007ff876408000 	C:\Windows\SYSTEM32\IPHLPAPI.DLL
0x00007ff87be30000 - 0x00007ff87be38000 	C:\Windows\system32\NSI.dll
0x00007ff8761d0000 - 0x00007ff8761e6000 	C:\Windows\SYSTEM32\dhcpcsvc6.DLL
0x00007ff875de0000 - 0x00007ff875dfa000 	C:\Windows\SYSTEM32\dhcpcsvc.DLL
0x00007ff86aa00000 - 0x00007ff86aa24000 	C:\Program Files\Java\jdk1.8.0_221\jre\bin\sunec.dll
0x00007ff879900000 - 0x00007ff8799aa000 	C:\Windows\SYSTEM32\DNSAPI.dll
0x00007ff870750000 - 0x00007ff87075a000 	C:\Windows\System32\rasadhlp.dll
0x00007ff876250000 - 0x00007ff8762b7000 	C:\Windows\System32\fwpuclnt.dll
0x00007ff86e130000 - 0x00007ff86e13b000 	C:\Program Files\Java\jdk1.8.0_221\jre\bin\sunmscapi.dll
0x00007ff87b250000 - 0x00007ff87b418000 	C:\Windows\system32\CRYPT32.dll
0x00007ff87aed0000 - 0x00007ff87aee0000 	C:\Windows\system32\MSASN1.dll
0x00007ff852050000 - 0x00007ff8521e9000 	C:\Program Files\Java\jdk1.8.0_221\jre\bin\awt.dll
0x00007ff87df20000 - 0x00007ff87dfe6000 	C:\Windows\system32\OLEAUT32.dll
0x00007ff879770000 - 0x00007ff8797e9000 	C:\Windows\system32\apphelp.dll
0x00007ff8799e0000 - 0x00007ff879a76000 	C:\Windows\system32\uxtheme.dll
0x00007ff87ddc0000 - 0x00007ff87df1a000 	C:\Windows\system32\MSCTF.dll
0x00007ff878f40000 - 0x00007ff878f62000 	C:\Windows\system32\dwmapi.dll
0x00007ff87e750000 - 0x00007ff87e893000 	C:\Windows\system32\ole32.dll
0x00007ff86fe70000 - 0x00007ff86fffc000 	C:\Windows\SYSTEM32\dbghelp.dll

VM Arguments:
jvm_args: -XX:MaxMetaspaceSize=256m -XX:+HeapDumpOnOutOfMemoryError -Xms256m -Xmx512m -Dfile.encoding=windows-1256 -Duser.country=US -Duser.language=en -Duser.variant 
java_command: org.gradle.launcher.daemon.bootstrap.GradleDaemon 6.0.1
java_class_path (initial): C:\Users\user\.gradle\wrapper\dists\gradle-6.0.1-all\99d3u8wxs16ndehh90lbbir67\gradle-6.0.1\lib\gradle-launcher-6.0.1.jar
Launcher Type: SUN_STANDARD

Environment Variables:
JAVA_HOME=C:\Program Files\Java\jdk1.8.0_221
CLASSPATH=E:\mobail_application\abacus\abacus\android\\gradle\wrapper\gradle-wrapper.jar
PATH=E:\mobail_application\abacus\abacus\android\node_modules\.bin;E:\mobail_application\abacus\abacus\node_modules\.bin;E:\mobail_application\abacus\node_modules\.bin;E:\mobail_application\node_modules\.bin;E:\node_modules\.bin;C:\Program Files\nodejs;E:\mobail_application\abacus\abacus\node_modules\.bin;C:\Program Files\JetBrains\PhpStorm 2019.2\jbr\\bin;C:\Program Files\JetBrains\PhpStorm 2019.2\jbr\\bin\server;C:\Python27\;C:\Python27\Scripts;C:\Program Files (x86)\Common Files\Oracle\Java\javapath;C:\Windows\system32;C:\Windows;C:\Windows\System32\Wbem;C:\Windows\System32\WindowsPowerShell\v1.0\;C:\Program Files (x86)\Yarn\bin\;C:\ProgramData\chocolatey\bin;C:\Program Files\nodejs\;C:\Program Files\Git\cmd;C:\Program Files\TortoiseGit\bin;C:\Program Files (x86)\QuickTime\QTSystem\;C:\Users\user\AppData\Local\Yarn\bin;C:\Users\user\AppData\Local\Android\Sdk\platform-tools;C:\Users\user\AppData\Roaming\npm;C:\Users\user\AppData\Local\Programs\Microsoft VS Code\bin;C:\Program Files\MongoDB\Server\4.2\bin
USERNAME=user
OS=Windows_NT
PROCESSOR_IDENTIFIER=Intel64 Family 6 Model 61 Stepping 4, GenuineIntel



---------------  S Y S T E M  ---------------

OS: Windows 10.0 , 64 bit Build 10586 (10.0.10586.589)

CPU:total 4 (initial active 4) (2 cores per cpu, 2 threads per core) family 6 model 61 stepping 4, cmov, cx8, fxsr, mmx, sse, sse2, sse3, ssse3, sse4.1, sse4.2, popcnt, avx, avx2, aes, clmul, erms, 3dnowpref, lzcnt, ht, tsc, tscinvbit, bmi1, bmi2, adx

Memory: 4k page, physical 12500516k(7000940k free), swap 14401060k(8779488k free)

vm_info: Java HotSpot(TM) 64-Bit Server VM (25.221-b11) for windows-amd64 JRE (1.8.0_221-b11), built on Jul  4 2019 04:39:29 by "java_re" with MS VC++ 10.0 (VS2010)

time: Sat Jun 06 14:38:34 2020
timezone: Iran Daylight Time
elapsed time: 2694 seconds (0d 0h 44m 54s)

